/* Changelog BattleCore projec t*/

2012-09-19 John Doe <vitasic-pokataev@yandex.ru>
* Добавлен сам файл changelog'a (поэтому всё что было добавлено будет этим числом)
* August 19, 2012 добавлен первый коммит
* Добавлена Трансмогрификация
* Добавлена Система VIP-Аккаунтов
* Добавлен AH_Bot
* Добавлен Chat Censure
* Добавлена Реализация контроля усталости
* Добавлена Возможность писать в чат, исходя из проведенного онлайна
* Добавлена Implement reload for item_template
* Добавлена XP After Level 100
* Добавлен DUEL RESET COOLDOWN
* Добавлен AC3 (Пассивный античит)
* Добавлена Система MMAPS (мобы обходят текстуры)
* Добавлен Npc Arena Top Team
* Добавлен Перевод квеста 12733.
* Добавлен Перевод госсипа по 4921 квесту.
* Добавлена Русификация конечного эвента в Пещерах Стенаний
* Добавлена Полная Русификация Кузни Душ.
* Добавлен NPC Мастер званий
* Добавлена Русификация для телепортера
* Обновлены иконки .exe файлов

